0 verbose cli C:\Program Files\nodejs\node.exe C:\Program Files\nodejs\node_modules\npm\bin\npm-cli.js
1 info using npm@10.9.2
2 info using node@v22.14.0
3 silly config load:file:C:\Program Files\nodejs\node_modules\npm\npmrc
4 silly config load:file:C:\Users\getan\Documents\voting\frontend\.npmrc
5 silly config load:file:C:\Users\getan\.npmrc
6 silly config load:file:C:\Users\getan\AppData\Roaming\npm\etc\npmrc
7 verbose title npm exec tailwindcss init -p
8 verbose argv "exec" "--" "tailwindcss" "init" "-p"
9 verbose logfile logs-max:10 dir:C:\Users\getan\Documents\voting\frontend\Usersgetannpm-cache\_logs\2026-03-26T10_59_28_787Z-
10 verbose logfile C:\Users\getan\Documents\voting\frontend\Usersgetannpm-cache\_logs\2026-03-26T10_59_28_787Z-debug-0.log
11 silly logfile done cleaning log files
12 silly packumentCache heap:2197815296 maxSize:549453824 maxEntrySize:274726912
13 verbose stack Error: could not determine executable to run
13 verbose stack     at getBinFromManifest (C:\Program Files\nodejs\node_modules\npm\node_modules\libnpmexec\lib\get-bin-from-manifest.js:17:23)
13 verbose stack     at exec (C:\Program Files\nodejs\node_modules\npm\node_modules\libnpmexec\lib\index.js:202:15)
13 verbose stack     at async Npm.exec (C:\Program Files\nodejs\node_modules\npm\lib\npm.js:207:9)
13 verbose stack     at async module.exports (C:\Program Files\nodejs\node_modules\npm\lib\cli\entry.js:74:5)
14 verbose pkgid tailwindcss@4.2.2
15 error could not determine executable to run
16 verbose cwd C:\Users\getan\Documents\voting\frontend
17 verbose os Windows_NT 10.0.22631
18 verbose node v22.14.0
19 verbose npm  v10.9.2
20 verbose exit 1
21 verbose code 1
22 error A complete log of this run can be found in: C:\Users\getan\Documents\voting\frontend\Usersgetannpm-cache\_logs\2026-03-26T10_59_28_787Z-debug-0.log
