0 verbose cli C:\Program Files\nodejs\node.exe C:\Program Files\nodejs\node_modules\npm\bin\npm-cli.js
1 info using npm@10.9.2
2 info using node@v22.14.0
3 silly config load:file:C:\Program Files\nodejs\node_modules\npm\npmrc
4 silly config load:file:C:\Users\getan\Documents\voting\.npmrc
5 silly config load:file:C:\Users\getan\.npmrc
6 silly config load:file:C:\Users\getan\AppData\Roaming\npm\etc\npmrc
7 verbose title npm install mongodb
8 verbose argv "install" "mongodb"
9 verbose logfile logs-max:10 dir:C:\Users\getan\Documents\voting\Usersgetannpm-cache\_logs\2026-03-26T10_26_57_324Z-
10 verbose logfile C:\Users\getan\Documents\voting\Usersgetannpm-cache\_logs\2026-03-26T10_26_57_324Z-debug-0.log
11 silly logfile done cleaning log files
12 silly packumentCache heap:2197815296 maxSize:549453824 maxEntrySize:274726912
13 silly idealTree buildDeps
14 silly fetch manifest mongodb@*
15 silly packumentCache full:https://registry.npmjs.org/mongodb cache-miss
16 http fetch GET 200 https://registry.npmjs.org/mongodb 545ms (cache miss)
17 silly packumentCache full:https://registry.npmjs.org/mongodb set size:undefined disposed:false
18 silly fetch manifest @aws-sdk/credential-providers@^3.806.0
19 silly packumentCache full:https://registry.npmjs.org/@aws-sdk%2fcredential-providers cache-miss
20 http fetch GET 200 https://registry.npmjs.org/npm 821ms
21 http fetch GET 200 https://registry.npmjs.org/@aws-sdk%2fcredential-providers 402ms (cache miss)
22 silly packumentCache full:https://registry.npmjs.org/@aws-sdk%2fcredential-providers set size:undefined disposed:false
23 silly fetch manifest @mongodb-js/zstd@^7.0.0
24 silly packumentCache full:https://registry.npmjs.org/@mongodb-js%2fzstd cache-miss
25 http fetch GET 200 https://registry.npmjs.org/@mongodb-js%2fzstd 250ms (cache miss)
26 silly packumentCache full:https://registry.npmjs.org/@mongodb-js%2fzstd set size:undefined disposed:false
27 silly fetch manifest gcp-metadata@^7.0.1
28 silly packumentCache full:https://registry.npmjs.org/gcp-metadata cache-miss
29 http fetch GET 200 https://registry.npmjs.org/gcp-metadata 107ms (cache miss)
30 silly packumentCache full:https://registry.npmjs.org/gcp-metadata set size:undefined disposed:false
31 silly fetch manifest kerberos@^7.0.0
32 silly packumentCache full:https://registry.npmjs.org/kerberos cache-miss
33 http fetch GET 200 https://registry.npmjs.org/kerberos 68ms (cache miss)
34 silly packumentCache full:https://registry.npmjs.org/kerberos set size:undefined disposed:false
35 silly fetch manifest mongodb-client-encryption@>=7.0.0 <7.1.0
36 silly packumentCache full:https://registry.npmjs.org/mongodb-client-encryption cache-miss
37 http fetch GET 200 https://registry.npmjs.org/mongodb-client-encryption 71ms (cache miss)
38 silly packumentCache full:https://registry.npmjs.org/mongodb-client-encryption set size:undefined disposed:false
39 silly fetch manifest snappy@^7.3.2
40 silly packumentCache full:https://registry.npmjs.org/snappy cache-miss
41 http fetch GET 200 https://registry.npmjs.org/snappy 359ms (cache miss)
42 silly packumentCache full:https://registry.npmjs.org/snappy set size:undefined disposed:false
43 silly fetch manifest socks@^2.8.6
44 silly packumentCache full:https://registry.npmjs.org/socks cache-miss
45 http fetch GET 200 https://registry.npmjs.org/socks 91ms (cache miss)
46 silly packumentCache full:https://registry.npmjs.org/socks set size:undefined disposed:false
47 silly placeDep ROOT mongodb@7.1.1 OK for:  want: *
48 silly fetch manifest bson@^7.1.1
49 silly packumentCache full:https://registry.npmjs.org/bson cache-miss
50 silly fetch manifest @mongodb-js/saslprep@^1.3.0
51 silly packumentCache full:https://registry.npmjs.org/@mongodb-js%2fsaslprep cache-miss
52 silly fetch manifest mongodb-connection-string-url@^7.0.0
53 silly packumentCache full:https://registry.npmjs.org/mongodb-connection-string-url cache-miss
54 http fetch GET 200 https://registry.npmjs.org/bson 440ms (cache miss)
55 silly packumentCache full:https://registry.npmjs.org/bson set size:undefined disposed:false
56 http fetch GET 200 https://registry.npmjs.org/mongodb-connection-string-url 458ms (cache miss)
57 silly packumentCache full:https://registry.npmjs.org/mongodb-connection-string-url set size:undefined disposed:false
58 http fetch GET 200 https://registry.npmjs.org/@mongodb-js%2fsaslprep 1459ms (cache miss)
59 silly packumentCache full:https://registry.npmjs.org/@mongodb-js%2fsaslprep set size:undefined disposed:false
60 silly placeDep ROOT @mongodb-js/saslprep@1.4.6 OK for: mongodb@7.1.1 want: ^1.3.0
61 silly placeDep ROOT bson@7.2.0 OK for: mongodb@7.1.1 want: ^7.1.1
62 silly placeDep ROOT mongodb-connection-string-url@7.0.1 OK for: mongodb@7.1.1 want: ^7.0.0
63 silly fetch manifest sparse-bitfield@^3.0.3
64 silly packumentCache full:https://registry.npmjs.org/sparse-bitfield cache-miss
65 silly fetch manifest whatwg-url@^14.1.0
66 silly packumentCache full:https://registry.npmjs.org/whatwg-url cache-miss
67 silly fetch manifest @types/whatwg-url@^13.0.0
68 silly packumentCache full:https://registry.npmjs.org/@types%2fwhatwg-url cache-miss
69 http fetch GET 200 https://registry.npmjs.org/whatwg-url 88ms (cache miss)
70 silly packumentCache full:https://registry.npmjs.org/whatwg-url set size:undefined disposed:false
71 http fetch GET 200 https://registry.npmjs.org/sparse-bitfield 979ms (cache miss)
72 silly packumentCache full:https://registry.npmjs.org/sparse-bitfield set size:undefined disposed:false
73 http fetch GET 200 https://registry.npmjs.org/@types%2fwhatwg-url 1329ms (cache miss)
74 silly packumentCache full:https://registry.npmjs.org/@types%2fwhatwg-url set size:undefined disposed:false
75 silly placeDep ROOT sparse-bitfield@3.0.3 OK for: @mongodb-js/saslprep@1.4.6 want: ^3.0.3
76 silly fetch manifest memory-pager@^1.0.2
77 silly packumentCache full:https://registry.npmjs.org/memory-pager cache-miss
78 http fetch GET 200 https://registry.npmjs.org/memory-pager 337ms (cache miss)
79 silly packumentCache full:https://registry.npmjs.org/memory-pager set size:undefined disposed:false
80 silly placeDep ROOT @types/whatwg-url@13.0.0 OK for: mongodb-connection-string-url@7.0.1 want: ^13.0.0
81 silly placeDep ROOT whatwg-url@14.2.0 OK for: mongodb-connection-string-url@7.0.1 want: ^14.1.0
82 silly fetch manifest @types/webidl-conversions@*
83 silly packumentCache full:https://registry.npmjs.org/@types%2fwebidl-conversions cache-miss
84 silly fetch manifest tr46@^5.1.0
85 silly packumentCache full:https://registry.npmjs.org/tr46 cache-miss
86 silly fetch manifest webidl-conversions@^7.0.0
87 silly packumentCache full:https://registry.npmjs.org/webidl-conversions cache-miss
88 http fetch GET 200 https://registry.npmjs.org/tr46 44ms (cache miss)
89 silly packumentCache full:https://registry.npmjs.org/tr46 set size:undefined disposed:false
90 http fetch GET 200 https://registry.npmjs.org/webidl-conversions 50ms (cache miss)
91 silly packumentCache full:https://registry.npmjs.org/webidl-conversions set size:undefined disposed:false
92 http fetch GET 200 https://registry.npmjs.org/@types%2fwebidl-conversions 653ms (cache miss)
93 silly packumentCache full:https://registry.npmjs.org/@types%2fwebidl-conversions set size:undefined disposed:false
94 silly placeDep ROOT @types/webidl-conversions@7.0.3 OK for: @types/whatwg-url@13.0.0 want: *
95 silly placeDep ROOT memory-pager@1.5.0 OK for: sparse-bitfield@3.0.3 want: ^1.0.2
96 silly placeDep ROOT tr46@5.1.1 OK for: whatwg-url@14.2.0 want: ^5.1.0
97 silly placeDep ROOT webidl-conversions@7.0.0 OK for: whatwg-url@14.2.0 want: ^7.0.0
98 silly fetch manifest punycode@^2.3.1
99 silly packumentCache full:https://registry.npmjs.org/punycode cache-miss
100 http fetch GET 200 https://registry.npmjs.org/punycode 71ms (cache miss)
101 silly packumentCache full:https://registry.npmjs.org/punycode set size:undefined disposed:false
102 silly placeDep ROOT punycode@2.3.1 OK for: tr46@5.1.1 want: ^2.3.1
103 silly reify moves {}
104 http cache punycode@https://registry.npmjs.org/punycode/-/punycode-2.3.1.tgz 0ms (cache hit)
105 http cache webidl-conversions@https://registry.npmjs.org/webidl-conversions/-/webidl-conversions-7.0.0.tgz 0ms (cache hit)
106 http cache tr46@https://registry.npmjs.org/tr46/-/tr46-5.1.1.tgz 0ms (cache hit)
107 http cache memory-pager@https://registry.npmjs.org/memory-pager/-/memory-pager-1.5.0.tgz 0ms (cache hit)
108 http cache @types/webidl-conversions@https://registry.npmjs.org/@types/webidl-conversions/-/webidl-conversions-7.0.3.tgz 0ms (cache hit)
109 http cache whatwg-url@https://registry.npmjs.org/whatwg-url/-/whatwg-url-14.2.0.tgz 0ms (cache hit)
110 http cache mongodb-connection-string-url@https://registry.npmjs.org/mongodb-connection-string-url/-/mongodb-connection-string-url-7.0.1.tgz 0ms (cache hit)
111 http cache sparse-bitfield@https://registry.npmjs.org/sparse-bitfield/-/sparse-bitfield-3.0.3.tgz 0ms (cache hit)
112 http cache @types/whatwg-url@https://registry.npmjs.org/@types/whatwg-url/-/whatwg-url-13.0.0.tgz 0ms (cache hit)
113 silly tarball no local data for punycode@https://registry.npmjs.org/punycode/-/punycode-2.3.1.tgz. Extracting by manifest.
114 silly tarball no local data for webidl-conversions@https://registry.npmjs.org/webidl-conversions/-/webidl-conversions-7.0.0.tgz. Extracting by manifest.
115 http cache @mongodb-js/saslprep@https://registry.npmjs.org/@mongodb-js/saslprep/-/saslprep-1.4.6.tgz 0ms (cache hit)
116 http cache bson@https://registry.npmjs.org/bson/-/bson-7.2.0.tgz 0ms (cache hit)
117 silly tarball no local data for tr46@https://registry.npmjs.org/tr46/-/tr46-5.1.1.tgz. Extracting by manifest.
118 http cache mongodb@https://registry.npmjs.org/mongodb/-/mongodb-7.1.1.tgz 0ms (cache hit)
119 silly tarball no local data for memory-pager@https://registry.npmjs.org/memory-pager/-/memory-pager-1.5.0.tgz. Extracting by manifest.
120 silly tarball no local data for @types/webidl-conversions@https://registry.npmjs.org/@types/webidl-conversions/-/webidl-conversions-7.0.3.tgz. Extracting by manifest.
121 silly tarball no local data for whatwg-url@https://registry.npmjs.org/whatwg-url/-/whatwg-url-14.2.0.tgz. Extracting by manifest.
122 silly tarball no local data for mongodb-connection-string-url@https://registry.npmjs.org/mongodb-connection-string-url/-/mongodb-connection-string-url-7.0.1.tgz. Extracting by manifest.
123 silly tarball no local data for sparse-bitfield@https://registry.npmjs.org/sparse-bitfield/-/sparse-bitfield-3.0.3.tgz. Extracting by manifest.
124 silly tarball no local data for @types/whatwg-url@https://registry.npmjs.org/@types/whatwg-url/-/whatwg-url-13.0.0.tgz. Extracting by manifest.
125 silly tarball no local data for @mongodb-js/saslprep@https://registry.npmjs.org/@mongodb-js/saslprep/-/saslprep-1.4.6.tgz. Extracting by manifest.
126 silly tarball no local data for bson@https://registry.npmjs.org/bson/-/bson-7.2.0.tgz. Extracting by manifest.
127 silly tarball no local data for mongodb@https://registry.npmjs.org/mongodb/-/mongodb-7.1.1.tgz. Extracting by manifest.
128 http fetch GET 200 https://registry.npmjs.org/punycode/-/punycode-2.3.1.tgz 397ms (cache miss)
129 http fetch GET 200 https://registry.npmjs.org/webidl-conversions/-/webidl-conversions-7.0.0.tgz 404ms (cache miss)
130 http fetch GET 200 https://registry.npmjs.org/memory-pager/-/memory-pager-1.5.0.tgz 475ms (cache miss)
131 http fetch GET 200 https://registry.npmjs.org/sparse-bitfield/-/sparse-bitfield-3.0.3.tgz 497ms (cache miss)
132 http fetch GET 200 https://registry.npmjs.org/tr46/-/tr46-5.1.1.tgz 544ms (cache miss)
133 http fetch GET 200 https://registry.npmjs.org/mongodb-connection-string-url/-/mongodb-connection-string-url-7.0.1.tgz 581ms (cache miss)
134 http fetch GET 200 https://registry.npmjs.org/whatwg-url/-/whatwg-url-14.2.0.tgz 709ms (cache miss)
135 http fetch GET 200 https://registry.npmjs.org/@types/whatwg-url/-/whatwg-url-13.0.0.tgz 752ms (cache miss)
136 http fetch GET 200 https://registry.npmjs.org/@types/webidl-conversions/-/webidl-conversions-7.0.3.tgz 1160ms (cache miss)
137 http fetch GET 200 https://registry.npmjs.org/bson/-/bson-7.2.0.tgz 1229ms (cache miss)
138 http fetch GET 200 https://registry.npmjs.org/@mongodb-js/saslprep/-/saslprep-1.4.6.tgz 1630ms (cache miss)
139 http fetch GET 200 https://registry.npmjs.org/mongodb/-/mongodb-7.1.1.tgz 3349ms (cache miss)
140 silly ADD node_modules/punycode
141 silly ADD node_modules/webidl-conversions
142 silly ADD node_modules/tr46
143 silly ADD node_modules/memory-pager
144 silly ADD node_modules/@types/webidl-conversions
145 silly ADD node_modules/whatwg-url
146 silly ADD node_modules/@types/whatwg-url
147 silly ADD node_modules/sparse-bitfield
148 silly ADD node_modules/mongodb-connection-string-url
149 silly ADD node_modules/bson
150 silly ADD node_modules/@mongodb-js/saslprep
151 silly ADD node_modules/mongodb
152 verbose cwd C:\Users\getan\Documents\voting
153 verbose os Windows_NT 10.0.22631
154 verbose node v22.14.0
155 verbose npm  v10.9.2
156 notice
156 notice New [31mmajor[39m version of npm available! [31m10.9.2[39m -> [34m11.12.0[39m
156 notice Changelog: [34mhttps://github.com/npm/cli/releases/tag/v11.12.0[39m
156 notice To update run: [4mnpm install -g npm@11.12.0[24m
156 notice  { force: true, [Symbol(proc-log.meta)]: true }
157 verbose exit 0
158 info ok
